<html>
  <head/><body>
    <h1>Heading</h1>
    <p>
      This is the first paragraph.
    </p>
    <p>
      This is the second paragraph.
    </p>
  </body>
</html>